[25-Apr-2017 16:34:50 UTC] PHP Fatal error:  Call to undefined function loadFromLegacy() in /home/ubuntu/workspace/php/LoadCustomerData.php on line 4
[25-Apr-2017 16:34:50 UTC] PHP Stack trace:
[25-Apr-2017 16:34:50 UTC] PHP   1. {main}() /home/ubuntu/workspace/php/LoadCustomerData.php:0
[25-Apr-2017 16:37:44 UTC] PHP Warning:  mysqli::mysqli(): (HY000/2002): Connection timed out in /home/ubuntu/workspace/php/LoadCustomerData.php on line 11
[25-Apr-2017 16:37:44 UTC] PHP Stack trace:
[25-Apr-2017 16:37:44 UTC] PHP   1. {main}() /home/ubuntu/workspace/php/LoadCustomerData.php:0
[25-Apr-2017 16:37:44 UTC] PHP   2. LoadCustomerData->loadFromLegacy() /home/ubuntu/workspace/php/LoadCustomerData.php:5
[25-Apr-2017 16:37:44 UTC] PHP   3. mysqli->mysqli() /home/ubuntu/workspace/php/LoadCustomerData.php:11
[25-Apr-2017 16:38:24 UTC] PHP Warning:  mysqli::mysqli(): (HY000/2002): Connection timed out in /home/ubuntu/workspace/php/LoadCustomerData.php on line 11
[25-Apr-2017 16:38:24 UTC] PHP Stack trace:
[25-Apr-2017 16:38:24 UTC] PHP   1. {main}() /home/ubuntu/workspace/php/LoadCustomerData.php:0
[25-Apr-2017 16:38:24 UTC] PHP   2. LoadCustomerData->loadFromLegacy() /home/ubuntu/workspace/php/LoadCustomerData.php:5
[25-Apr-2017 16:38:24 UTC] PHP   3. mysqli->mysqli() /home/ubuntu/workspace/php/LoadCustomerData.php:11
[25-Apr-2017 16:40:14 UTC] PHP Warning:  mysqli::mysqli(): (HY000/2002): Connection timed out in /home/ubuntu/workspace/php/LoadCustomerData.php on line 11
[25-Apr-2017 16:40:14 UTC] PHP Stack trace:
[25-Apr-2017 16:40:14 UTC] PHP   1. {main}() /home/ubuntu/workspace/php/LoadCustomerData.php:0
[25-Apr-2017 16:40:14 UTC] PHP   2. LoadCustomerData->loadFromLegacy() /home/ubuntu/workspace/php/LoadCustomerData.php:5
[25-Apr-2017 16:40:14 UTC] PHP   3. mysqli->mysqli() /home/ubuntu/workspace/php/LoadCustomerData.php:11
[25-Apr-2017 16:41:16 UTC] PHP Warning:  mysqli::mysqli(): (HY000/2002): Connection timed out in /home/ubuntu/workspace/php/LoadCustomerData.php on line 11
[25-Apr-2017 16:41:16 UTC] PHP Stack trace:
[25-Apr-2017 16:41:16 UTC] PHP   1. {main}() /home/ubuntu/workspace/php/LoadCustomerData.php:0
[25-Apr-2017 16:41:16 UTC] PHP   2. LoadCustomerData->loadFromLegacy() /home/ubuntu/workspace/php/LoadCustomerData.php:5
[25-Apr-2017 16:41:16 UTC] PHP   3. mysqli->mysqli() /home/ubuntu/workspace/php/LoadCustomerData.php:11
[25-Apr-2017 16:43:05 UTC] PHP Parse error:  syntax error, unexpected 'define' (T_STRING) in /home/ubuntu/workspace/config/config.default.php on line 4
[25-Apr-2017 16:43:05 UTC] PHP Stack trace:
[25-Apr-2017 16:43:05 UTC] PHP   1. {main}() /home/ubuntu/workspace/php/LoadCustomerData.php:0
[25-Apr-2017 16:44:13 UTC] PHP Warning:  mysqli::mysqli(): (HY000/2002): Connection timed out in /home/ubuntu/workspace/php/LoadCustomerData.php on line 11
[25-Apr-2017 16:44:13 UTC] PHP Stack trace:
[25-Apr-2017 16:44:13 UTC] PHP   1. {main}() /home/ubuntu/workspace/php/LoadCustomerData.php:0
[25-Apr-2017 16:44:13 UTC] PHP   2. LoadCustomerData->loadFromLegacy() /home/ubuntu/workspace/php/LoadCustomerData.php:5
[25-Apr-2017 16:44:13 UTC] PHP   3. mysqli->mysqli() /home/ubuntu/workspace/php/LoadCustomerData.php:11
[25-Apr-2017 16:45:39 UTC] PHP Warning:  PDO::__construct() expects at least 1 parameter, 0 given in /home/ubuntu/workspace/php/LoadCustomerData.php on line 11
[25-Apr-2017 16:45:39 UTC] PHP Stack trace:
[25-Apr-2017 16:45:39 UTC] PHP   1. {main}() /home/ubuntu/workspace/php/LoadCustomerData.php:0
[25-Apr-2017 16:45:39 UTC] PHP   2. LoadCustomerData->loadFromLegacy() /home/ubuntu/workspace/php/LoadCustomerData.php:5
[25-Apr-2017 16:45:39 UTC] PHP   3. PDO->__construct() /home/ubuntu/workspace/php/LoadCustomerData.php:11
[25-Apr-2017 20:33:13 UTC] PHP Warning:  mysqli::mysqli(): (HY000/2002): Connection timed out in /home/ubuntu/workspace/php/LoadCustomerData.php on line 12
[25-Apr-2017 20:33:13 UTC] PHP Stack trace:
[25-Apr-2017 20:33:13 UTC] PHP   1. {main}() /home/ubuntu/workspace/php/LoadCustomerData.php:0
[25-Apr-2017 20:33:13 UTC] PHP   2. LoadCustomerData->loadFromLegacy() /home/ubuntu/workspace/php/LoadCustomerData.php:5
[25-Apr-2017 20:33:13 UTC] PHP   3. mysqli->mysqli() /home/ubuntu/workspace/php/LoadCustomerData.php:12
[25-Apr-2017 20:35:56 UTC] PHP Warning:  mysqli_connect(): (HY000/2002): Connection timed out in /home/ubuntu/workspace/php/LoadCustomerData.php on line 12
[25-Apr-2017 20:35:56 UTC] PHP Stack trace:
[25-Apr-2017 20:35:56 UTC] PHP   1. {main}() /home/ubuntu/workspace/php/LoadCustomerData.php:0
[25-Apr-2017 20:35:56 UTC] PHP   2. LoadCustomerData->loadFromLegacy() /home/ubuntu/workspace/php/LoadCustomerData.php:5
[25-Apr-2017 20:35:56 UTC] PHP   3. mysqli_connect() /home/ubuntu/workspace/php/LoadCustomerData.php:12
[25-Apr-2017 20:41:42 UTC] PHP Warning:  mysqli_connect(): (HY000/2002): Connection timed out in /home/ubuntu/workspace/php/LoadCustomerData.php on line 12
[25-Apr-2017 20:41:42 UTC] PHP Stack trace:
[25-Apr-2017 20:41:42 UTC] PHP   1. {main}() /home/ubuntu/workspace/php/LoadCustomerData.php:0
[25-Apr-2017 20:41:42 UTC] PHP   2. LoadCustomerData->loadFromLegacy() /home/ubuntu/workspace/php/LoadCustomerData.php:5
[25-Apr-2017 20:41:42 UTC] PHP   3. mysqli_connect() /home/ubuntu/workspace/php/LoadCustomerData.php:12
[25-Apr-2017 20:41:44 UTC] PHP Warning:  mysqli_connect(): (HY000/2002): Connection timed out in /home/ubuntu/workspace/php/LoadCustomerData.php on line 12
[25-Apr-2017 20:41:44 UTC] PHP Stack trace:
[25-Apr-2017 20:41:44 UTC] PHP   1. {main}() /home/ubuntu/workspace/php/LoadCustomerData.php:0
[25-Apr-2017 20:41:44 UTC] PHP   2. LoadCustomerData->loadFromLegacy() /home/ubuntu/workspace/php/LoadCustomerData.php:5
[25-Apr-2017 20:41:44 UTC] PHP   3. mysqli_connect() /home/ubuntu/workspace/php/LoadCustomerData.php:12
[25-Apr-2017 21:37:16 UTC] PHP Warning:  mysqli::mysqli(): (HY000/2002): Connection timed out in /home/ubuntu/workspace/php/LoadCustomerData.php on line 11
[25-Apr-2017 21:37:16 UTC] PHP Stack trace:
[25-Apr-2017 21:37:16 UTC] PHP   1. {main}() /home/ubuntu/workspace/views/CreateQuotesGUI.php:0
[25-Apr-2017 21:37:16 UTC] PHP   2. require_once() /home/ubuntu/workspace/views/CreateQuotesGUI.php:2
[25-Apr-2017 21:37:16 UTC] PHP   3. LoadCustomerData->loadFromLegacy() /home/ubuntu/workspace/php/LoadCustomerData.php:5
[25-Apr-2017 21:37:16 UTC] PHP   4. mysqli->mysqli() /home/ubuntu/workspace/php/LoadCustomerData.php:11
[26-Apr-2017 00:00:32 UTC] PHP Fatal error:  Call to undefined function loadFromLegacy() in /home/ubuntu/workspace/views/CreateQuotesGUI.php on line 37
[26-Apr-2017 00:00:32 UTC] PHP Stack trace:
[26-Apr-2017 00:00:32 UTC] PHP   1. {main}() /home/ubuntu/workspace/views/CreateQuotesGUI.php:0
[26-Apr-2017 14:31:42 UTC] PHP Warning:  mysqli::mysqli(): (HY000/2002): Connection timed out in /home/ubuntu/workspace/php/LoadCustomerData.php on line 8
[26-Apr-2017 14:31:42 UTC] PHP Stack trace:
[26-Apr-2017 14:31:42 UTC] PHP   1. {main}() /home/ubuntu/workspace/views/CreateQuotesGUI.php:0
[26-Apr-2017 14:31:42 UTC] PHP   2. LoadCustomerData->loadFromLegacy() /home/ubuntu/workspace/views/CreateQuotesGUI.php:33
[26-Apr-2017 14:31:42 UTC] PHP   3. mysqli->mysqli() /home/ubuntu/workspace/php/LoadCustomerData.php:8
[26-Apr-2017 14:31:49 UTC] PHP Warning:  mysqli::mysqli(): (HY000/2002): Connection timed out in /home/ubuntu/workspace/php/LoadCustomerData.php on line 8
[26-Apr-2017 14:31:49 UTC] PHP Stack trace:
[26-Apr-2017 14:31:49 UTC] PHP   1. {main}() /home/ubuntu/workspace/views/CreateQuotesGUI.php:0
[26-Apr-2017 14:31:49 UTC] PHP   2. LoadCustomerData->loadFromLegacy() /home/ubuntu/workspace/views/CreateQuotesGUI.php:33
[26-Apr-2017 14:31:49 UTC] PHP   3. mysqli->mysqli() /home/ubuntu/workspace/php/LoadCustomerData.php:8
[26-Apr-2017 14:31:50 UTC] PHP Warning:  mysqli::mysqli(): (HY000/2002): Connection timed out in /home/ubuntu/workspace/php/LoadCustomerData.php on line 8
[26-Apr-2017 14:31:50 UTC] PHP Stack trace:
[26-Apr-2017 14:31:50 UTC] PHP   1. {main}() /home/ubuntu/workspace/views/CreateQuotesGUI.php:0
[26-Apr-2017 14:31:50 UTC] PHP   2. LoadCustomerData->loadFromLegacy() /home/ubuntu/workspace/views/CreateQuotesGUI.php:33
[26-Apr-2017 14:31:50 UTC] PHP   3. mysqli->mysqli() /home/ubuntu/workspace/php/LoadCustomerData.php:8
